<?xml version="1.0" encoding="UTF-8"?>
<!-- Generated by org.testng.reporters.JUnitXMLReporter -->
<testsuite hostname="rs-MAC13.local" ignored="0" name="RegistrationTest" tests="4" failures="4" timestamp="25 Apr 2018 06:33:35 GMT" time="5.713" errors="0">
  <testcase name="testReport1" time="0.002" classname="com.companyname.projectname.testscripts.Test1">
    <failure type="java.io.FileNotFoundException" message="/Users/dhruvchoudhary/framework/pageobjectmodel-seleniumFramework/src/test/java/com/companyname/projectname/report/TestHtmlReport.html (No such file or directory)">
      <![CDATA[java.io.FileNotFoundException: /Users/dhruvchoudhary/framework/pageobjectmodel-seleniumFramework/src/test/java/com/companyname/projectname/report/TestHtmlReport.html (No such file or directory)
at java.io.FileOutputStream.open0(Native Method)
at java.io.FileOutputStream.open(FileOutputStream.java:270)
at java.io.FileOutputStream.<init>(FileOutputStream.java:213)
at java.io.FileWriter.<init>(FileWriter.java:107)
at com.companyname.projectname.testbase.TestBase.updateResult(TestBase.java:189)
at com.companyname.projectname.testscripts.Test1.testReport1(Test1.java:17)
... Removed 25 stack frames]]>
    </failure>
  </testcase> <!-- testReport1 -->
  <testcase name="testReport2" time="0.006" classname="com.companyname.projectname.testscripts.Test1">
    <failure type="java.io.FileNotFoundException" message="/Users/dhruvchoudhary/framework/pageobjectmodel-seleniumFramework/src/test/java/com/companyname/projectname/report/TestHtmlReport.html (No such file or directory)">
      <![CDATA[java.io.FileNotFoundException: /Users/dhruvchoudhary/framework/pageobjectmodel-seleniumFramework/src/test/java/com/companyname/projectname/report/TestHtmlReport.html (No such file or directory)
at java.io.FileOutputStream.open0(Native Method)
at java.io.FileOutputStream.open(FileOutputStream.java:270)
at java.io.FileOutputStream.<init>(FileOutputStream.java:213)
at java.io.FileWriter.<init>(FileWriter.java:107)
at com.companyname.projectname.testbase.TestBase.updateResult(TestBase.java:189)
at com.companyname.projectname.testscripts.Test1.testReport2(Test1.java:29)
... Removed 25 stack frames]]>
    </failure>
  </testcase> <!-- testReport2 -->
  <testcase name="testReport3" time="0.001" classname="com.companyname.projectname.testscripts.Test1">
    <failure type="java.io.FileNotFoundException" message="/Users/dhruvchoudhary/framework/pageobjectmodel-seleniumFramework/src/test/java/com/companyname/projectname/report/TestHtmlReport.html (No such file or directory)">
      <![CDATA[java.io.FileNotFoundException: /Users/dhruvchoudhary/framework/pageobjectmodel-seleniumFramework/src/test/java/com/companyname/projectname/report/TestHtmlReport.html (No such file or directory)
at java.io.FileOutputStream.open0(Native Method)
at java.io.FileOutputStream.open(FileOutputStream.java:270)
at java.io.FileOutputStream.<init>(FileOutputStream.java:213)
at java.io.FileWriter.<init>(FileWriter.java:107)
at com.companyname.projectname.testbase.TestBase.updateResult(TestBase.java:189)
at com.companyname.projectname.testscripts.Test1.testReport3(Test1.java:45)
... Removed 25 stack frames]]>
    </failure>
  </testcase> <!-- testReport3 -->
  <testcase name="testReport4" time="0.003" classname="com.companyname.projectname.testscripts.Test1">
    <failure type="java.io.FileNotFoundException" message="/Users/dhruvchoudhary/framework/pageobjectmodel-seleniumFramework/src/test/java/com/companyname/projectname/report/TestHtmlReport.html (No such file or directory)">
      <![CDATA[java.io.FileNotFoundException: /Users/dhruvchoudhary/framework/pageobjectmodel-seleniumFramework/src/test/java/com/companyname/projectname/report/TestHtmlReport.html (No such file or directory)
at java.io.FileOutputStream.open0(Native Method)
at java.io.FileOutputStream.open(FileOutputStream.java:270)
at java.io.FileOutputStream.<init>(FileOutputStream.java:213)
at java.io.FileWriter.<init>(FileWriter.java:107)
at com.companyname.projectname.testbase.TestBase.updateResult(TestBase.java:189)
at com.companyname.projectname.testscripts.Test1.testReport4(Test1.java:59)
... Removed 25 stack frames]]>
    </failure>
  </testcase> <!-- testReport4 -->
</testsuite> <!-- RegistrationTest -->
