<html>
<head>
<title>TestNG:  RegistrationTest</title>
<link href="../testng.css" rel="stylesheet" type="text/css" />
<link href="../my-testng.css" rel="stylesheet" type="text/css" />

<style type="text/css">
.log { display: none;} 
.stack-trace { display: none;} 
</style>
<script type="text/javascript">
<!--
function flip(e) {
  current = e.style.display;
  if (current == 'block') {
    e.style.display = 'none';
    return 0;
  }
  else {
    e.style.display = 'block';
    return 1;
  }
}

function toggleBox(szDivId, elem, msg1, msg2)
{
  var res = -1;  if (document.getElementById) {
    res = flip(document.getElementById(szDivId));
  }
  else if (document.all) {
    // this is the way old msie versions work
    res = flip(document.all[szDivId]);
  }
  if(elem) {
    if(res == 0) elem.innerHTML = msg1; else elem.innerHTML = msg2;
  }

}

function toggleAllBoxes() {
  if (document.getElementsByTagName) {
    d = document.getElementsByTagName('div');
    for (i = 0; i < d.length; i++) {
      if (d[i].className == 'log') {
        flip(d[i]);
      }
    }
  }
}

// -->
</script>

</head>
<body>
<h2 align='center'>RegistrationTest</h2><table border='1' align="center">
<tr>
<td>Tests passed/Failed/Skipped:</td><td>0/4/0</td>
</tr><tr>
<td>Started on:</td><td>Wed Apr 25 12:03:29 IST 2018</td>
</tr>
<tr><td>Total time:</td><td>5 seconds (5713 ms)</td>
</tr><tr>
<td>Included groups:</td><td></td>
</tr><tr>
<td>Excluded groups:</td><td></td>
</tr>
</table><p/>
<small><i>(Hover the method name to see the test class name)</i></small><p/>
<table width='100%' border='1' class='invocation-failed'>
<tr><td colspan='4' align='center'><b>FAILED TESTS</b></td></tr>
<tr><td><b>Test method</b></td>
<td width="30%"><b>Exception</b></td>
<td width="10%"><b>Time (seconds)</b></td>
<td><b>Instance</b></td>
</tr>
<tr>
<td title='com.companyname.projectname.testscripts.Test1.testReport1()'><b>testReport1</b><br>Test class: com.companyname.projectname.testscripts.Test1<br/>
<a href="#Output-404648734" onClick='toggleBox("Output-404648734", this, "Show output", "Hide output");'>Show output</a>

<a href="#Output-404648734" onClick="toggleAllBoxes();">Show all outputs</a>
<div class='log' id="Output-404648734">
Test started running:testReport1 at:16<br/>
<a href="/Users/dhruvchoudhary/framework/pageobjectmodel-seleniumFramework//src//test//java//com//companyname//projectname//screenshots//04-25-2018_12-29-testReport1.png"><img src="file:////Users/dhruvchoudhary/framework/pageobjectmodel-seleniumFramework//src//test//java//com//companyname//projectname//screenshots//04-25-2018_12-29-testReport1.png" alt=""height='100' width='100'/> <br /><br/>
</div>
</td>
<td><div><pre>java.io.FileNotFoundException: /Users/dhruvchoudhary/framework/pageobjectmodel-seleniumFramework/src/test/java/com/companyname/projectname/report/TestHtmlReport.html (No such file or directory)
	at java.io.FileOutputStream.open0(Native Method)
	at java.io.FileOutputStream.open(FileOutputStream.java:270)
	at java.io.FileOutputStream.&lt;init&gt;(FileOutputStream.java:213)
	at java.io.FileWriter.&lt;init&gt;(FileWriter.java:107)
	at com.companyname.projectname.testbase.TestBase.updateResult(TestBase.java:189)
	at com.companyname.projectname.testscripts.Test1.testReport1(Test1.java:17)
... Removed 25 stack frames</pre></div><a href='#' onClick='toggleBox("stack-trace404648734", this, "Click to show all stack frames", "Click to hide stack frames")'>Click to show all stack frames</a>
<div class='stack-trace' id='stack-trace404648734'><pre>java.io.FileNotFoundException: /Users/dhruvchoudhary/framework/pageobjectmodel-seleniumFramework/src/test/java/com/companyname/projectname/report/TestHtmlReport.html (No such file or directory)
	at java.io.FileOutputStream.open0(Native Method)
	at java.io.FileOutputStream.open(FileOutputStream.java:270)
	at java.io.FileOutputStream.&lt;init&gt;(FileOutputStream.java:213)
	at java.io.FileWriter.&lt;init&gt;(FileWriter.java:107)
	at com.companyname.projectname.testbase.TestBase.updateResult(TestBase.java:189)
	at com.companyname.projectname.testscripts.Test1.testReport1(Test1.java:17)
	at sun.reflect.NativeMethodAccessorImpl.invoke0(Native Method)
	at sun.reflect.NativeMethodAccessorImpl.invoke(NativeMethodAccessorImpl.java:62)
	at sun.reflect.DelegatingMethodAccessorImpl.invoke(DelegatingMethodAccessorImpl.java:43)
	at java.lang.reflect.Method.invoke(Method.java:498)
	at org.testng.internal.MethodInvocationHelper.invokeMethod(MethodInvocationHelper.java:124)
	at org.testng.internal.Invoker.invokeMethod(Invoker.java:580)
	at org.testng.internal.Invoker.invokeTestMethod(Invoker.java:716)
	at org.testng.internal.Invoker.invokeTestMethods(Invoker.java:988)
	at org.testng.internal.TestMethodWorker.invokeTestMethods(TestMethodWorker.java:125)
	at org.testng.internal.TestMethodWorker.run(TestMethodWorker.java:109)
	at org.testng.TestRunner.privateRun(TestRunner.java:648)
	at org.testng.TestRunner.run(TestRunner.java:505)
	at org.testng.SuiteRunner.runTest(SuiteRunner.java:455)
	at org.testng.SuiteRunner.runSequentially(SuiteRunner.java:450)
	at org.testng.SuiteRunner.privateRun(SuiteRunner.java:415)
	at org.testng.SuiteRunner.run(SuiteRunner.java:364)
	at org.testng.SuiteRunnerWorker.runSuite(SuiteRunnerWorker.java:52)
	at org.testng.SuiteRunnerWorker.run(SuiteRunnerWorker.java:84)
	at org.testng.TestNG.runSuitesSequentially(TestNG.java:1208)
	at org.testng.TestNG.runSuitesLocally(TestNG.java:1137)
	at org.testng.TestNG.runSuites(TestNG.java:1049)
	at org.testng.TestNG.run(TestNG.java:1017)
	at org.testng.remote.AbstractRemoteTestNG.run(AbstractRemoteTestNG.java:114)
	at org.testng.remote.RemoteTestNG.initAndRun(RemoteTestNG.java:251)
	at org.testng.remote.RemoteTestNG.main(RemoteTestNG.java:77)
</pre></div></td>
<td>0</td>
<td>com.companyname.projectname.testscripts.Test1@4f638935</td></tr>
<tr>
<td title='com.companyname.projectname.testscripts.Test1.testReport2()'><b>testReport2</b><br>Test class: com.companyname.projectname.testscripts.Test1<br/>
<a href="#Output-1647946662" onClick='toggleBox("Output-1647946662", this, "Show output", "Hide output");'>Show output</a>

<a href="#Output-1647946662" onClick="toggleAllBoxes();">Show all outputs</a>
<div class='log' id="Output-1647946662">
Test started running:testReport2 at:16<br/>
<a href="/Users/dhruvchoudhary/framework/pageobjectmodel-seleniumFramework//src//test//java//com//companyname//projectname//screenshots//04-25-2018_12-31-testReport2.png"><img src="file:////Users/dhruvchoudhary/framework/pageobjectmodel-seleniumFramework//src//test//java//com//companyname//projectname//screenshots//04-25-2018_12-31-testReport2.png" alt=""height='100' width='100'/> <br /><br/>
</div>
</td>
<td><div><pre>java.io.FileNotFoundException: /Users/dhruvchoudhary/framework/pageobjectmodel-seleniumFramework/src/test/java/com/companyname/projectname/report/TestHtmlReport.html (No such file or directory)
	at java.io.FileOutputStream.open0(Native Method)
	at java.io.FileOutputStream.open(FileOutputStream.java:270)
	at java.io.FileOutputStream.&lt;init&gt;(FileOutputStream.java:213)
	at java.io.FileWriter.&lt;init&gt;(FileWriter.java:107)
	at com.companyname.projectname.testbase.TestBase.updateResult(TestBase.java:189)
	at com.companyname.projectname.testscripts.Test1.testReport2(Test1.java:29)
... Removed 25 stack frames</pre></div><a href='#' onClick='toggleBox("stack-trace1647946662", this, "Click to show all stack frames", "Click to hide stack frames")'>Click to show all stack frames</a>
<div class='stack-trace' id='stack-trace1647946662'><pre>java.io.FileNotFoundException: /Users/dhruvchoudhary/framework/pageobjectmodel-seleniumFramework/src/test/java/com/companyname/projectname/report/TestHtmlReport.html (No such file or directory)
	at java.io.FileOutputStream.open0(Native Method)
	at java.io.FileOutputStream.open(FileOutputStream.java:270)
	at java.io.FileOutputStream.&lt;init&gt;(FileOutputStream.java:213)
	at java.io.FileWriter.&lt;init&gt;(FileWriter.java:107)
	at com.companyname.projectname.testbase.TestBase.updateResult(TestBase.java:189)
	at com.companyname.projectname.testscripts.Test1.testReport2(Test1.java:29)
	at sun.reflect.NativeMethodAccessorImpl.invoke0(Native Method)
	at sun.reflect.NativeMethodAccessorImpl.invoke(NativeMethodAccessorImpl.java:62)
	at sun.reflect.DelegatingMethodAccessorImpl.invoke(DelegatingMethodAccessorImpl.java:43)
	at java.lang.reflect.Method.invoke(Method.java:498)
	at org.testng.internal.MethodInvocationHelper.invokeMethod(MethodInvocationHelper.java:124)
	at org.testng.internal.Invoker.invokeMethod(Invoker.java:580)
	at org.testng.internal.Invoker.invokeTestMethod(Invoker.java:716)
	at org.testng.internal.Invoker.invokeTestMethods(Invoker.java:988)
	at org.testng.internal.TestMethodWorker.invokeTestMethods(TestMethodWorker.java:125)
	at org.testng.internal.TestMethodWorker.run(TestMethodWorker.java:109)
	at org.testng.TestRunner.privateRun(TestRunner.java:648)
	at org.testng.TestRunner.run(TestRunner.java:505)
	at org.testng.SuiteRunner.runTest(SuiteRunner.java:455)
	at org.testng.SuiteRunner.runSequentially(SuiteRunner.java:450)
	at org.testng.SuiteRunner.privateRun(SuiteRunner.java:415)
	at org.testng.SuiteRunner.run(SuiteRunner.java:364)
	at org.testng.SuiteRunnerWorker.runSuite(SuiteRunnerWorker.java:52)
	at org.testng.SuiteRunnerWorker.run(SuiteRunnerWorker.java:84)
	at org.testng.TestNG.runSuitesSequentially(TestNG.java:1208)
	at org.testng.TestNG.runSuitesLocally(TestNG.java:1137)
	at org.testng.TestNG.runSuites(TestNG.java:1049)
	at org.testng.TestNG.run(TestNG.java:1017)
	at org.testng.remote.AbstractRemoteTestNG.run(AbstractRemoteTestNG.java:114)
	at org.testng.remote.RemoteTestNG.initAndRun(RemoteTestNG.java:251)
	at org.testng.remote.RemoteTestNG.main(RemoteTestNG.java:77)
</pre></div></td>
<td>0</td>
<td>com.companyname.projectname.testscripts.Test1@4f638935</td></tr>
<tr>
<td title='com.companyname.projectname.testscripts.Test1.testReport3()'><b>testReport3</b><br>Test class: com.companyname.projectname.testscripts.Test1<br/>
<a href="#Output-1329315688" onClick='toggleBox("Output-1329315688", this, "Show output", "Hide output");'>Show output</a>

<a href="#Output-1329315688" onClick="toggleAllBoxes();">Show all outputs</a>
<div class='log' id="Output-1329315688">
Test started running:testReport3 at:16<br/>
<a href="/Users/dhruvchoudhary/framework/pageobjectmodel-seleniumFramework//src//test//java//com//companyname//projectname//screenshots//04-25-2018_12-33-testReport3.png"><img src="file:////Users/dhruvchoudhary/framework/pageobjectmodel-seleniumFramework//src//test//java//com//companyname//projectname//screenshots//04-25-2018_12-33-testReport3.png" alt=""height='100' width='100'/> <br /><br/>
</div>
</td>
<td><div><pre>java.io.FileNotFoundException: /Users/dhruvchoudhary/framework/pageobjectmodel-seleniumFramework/src/test/java/com/companyname/projectname/report/TestHtmlReport.html (No such file or directory)
	at java.io.FileOutputStream.open0(Native Method)
	at java.io.FileOutputStream.open(FileOutputStream.java:270)
	at java.io.FileOutputStream.&lt;init&gt;(FileOutputStream.java:213)
	at java.io.FileWriter.&lt;init&gt;(FileWriter.java:107)
	at com.companyname.projectname.testbase.TestBase.updateResult(TestBase.java:189)
	at com.companyname.projectname.testscripts.Test1.testReport3(Test1.java:45)
... Removed 25 stack frames</pre></div><a href='#' onClick='toggleBox("stack-trace1329315688", this, "Click to show all stack frames", "Click to hide stack frames")'>Click to show all stack frames</a>
<div class='stack-trace' id='stack-trace1329315688'><pre>java.io.FileNotFoundException: /Users/dhruvchoudhary/framework/pageobjectmodel-seleniumFramework/src/test/java/com/companyname/projectname/report/TestHtmlReport.html (No such file or directory)
	at java.io.FileOutputStream.open0(Native Method)
	at java.io.FileOutputStream.open(FileOutputStream.java:270)
	at java.io.FileOutputStream.&lt;init&gt;(FileOutputStream.java:213)
	at java.io.FileWriter.&lt;init&gt;(FileWriter.java:107)
	at com.companyname.projectname.testbase.TestBase.updateResult(TestBase.java:189)
	at com.companyname.projectname.testscripts.Test1.testReport3(Test1.java:45)
	at sun.reflect.NativeMethodAccessorImpl.invoke0(Native Method)
	at sun.reflect.NativeMethodAccessorImpl.invoke(NativeMethodAccessorImpl.java:62)
	at sun.reflect.DelegatingMethodAccessorImpl.invoke(DelegatingMethodAccessorImpl.java:43)
	at java.lang.reflect.Method.invoke(Method.java:498)
	at org.testng.internal.MethodInvocationHelper.invokeMethod(MethodInvocationHelper.java:124)
	at org.testng.internal.Invoker.invokeMethod(Invoker.java:580)
	at org.testng.internal.Invoker.invokeTestMethod(Invoker.java:716)
	at org.testng.internal.Invoker.invokeTestMethods(Invoker.java:988)
	at org.testng.internal.TestMethodWorker.invokeTestMethods(TestMethodWorker.java:125)
	at org.testng.internal.TestMethodWorker.run(TestMethodWorker.java:109)
	at org.testng.TestRunner.privateRun(TestRunner.java:648)
	at org.testng.TestRunner.run(TestRunner.java:505)
	at org.testng.SuiteRunner.runTest(SuiteRunner.java:455)
	at org.testng.SuiteRunner.runSequentially(SuiteRunner.java:450)
	at org.testng.SuiteRunner.privateRun(SuiteRunner.java:415)
	at org.testng.SuiteRunner.run(SuiteRunner.java:364)
	at org.testng.SuiteRunnerWorker.runSuite(SuiteRunnerWorker.java:52)
	at org.testng.SuiteRunnerWorker.run(SuiteRunnerWorker.java:84)
	at org.testng.TestNG.runSuitesSequentially(TestNG.java:1208)
	at org.testng.TestNG.runSuitesLocally(TestNG.java:1137)
	at org.testng.TestNG.runSuites(TestNG.java:1049)
	at org.testng.TestNG.run(TestNG.java:1017)
	at org.testng.remote.AbstractRemoteTestNG.run(AbstractRemoteTestNG.java:114)
	at org.testng.remote.RemoteTestNG.initAndRun(RemoteTestNG.java:251)
	at org.testng.remote.RemoteTestNG.main(RemoteTestNG.java:77)
</pre></div></td>
<td>0</td>
<td>com.companyname.projectname.testscripts.Test1@4f638935</td></tr>
<tr>
<td title='com.companyname.projectname.testscripts.Test1.testReport4()'><b>testReport4</b><br>Test class: com.companyname.projectname.testscripts.Test1<br/>
<a href="#Output-818493590" onClick='toggleBox("Output-818493590", this, "Show output", "Hide output");'>Show output</a>

<a href="#Output-818493590" onClick="toggleAllBoxes();">Show all outputs</a>
<div class='log' id="Output-818493590">
Test started running:testReport4 at:16<br/>
<a href="/Users/dhruvchoudhary/framework/pageobjectmodel-seleniumFramework//src//test//java//com//companyname//projectname//screenshots//04-25-2018_12-34-testReport4.png"><img src="file:////Users/dhruvchoudhary/framework/pageobjectmodel-seleniumFramework//src//test//java//com//companyname//projectname//screenshots//04-25-2018_12-34-testReport4.png" alt=""height='100' width='100'/> <br /><br/>
</div>
</td>
<td><div><pre>java.io.FileNotFoundException: /Users/dhruvchoudhary/framework/pageobjectmodel-seleniumFramework/src/test/java/com/companyname/projectname/report/TestHtmlReport.html (No such file or directory)
	at java.io.FileOutputStream.open0(Native Method)
	at java.io.FileOutputStream.open(FileOutputStream.java:270)
	at java.io.FileOutputStream.&lt;init&gt;(FileOutputStream.java:213)
	at java.io.FileWriter.&lt;init&gt;(FileWriter.java:107)
	at com.companyname.projectname.testbase.TestBase.updateResult(TestBase.java:189)
	at com.companyname.projectname.testscripts.Test1.testReport4(Test1.java:59)
... Removed 25 stack frames</pre></div><a href='#' onClick='toggleBox("stack-trace818493590", this, "Click to show all stack frames", "Click to hide stack frames")'>Click to show all stack frames</a>
<div class='stack-trace' id='stack-trace818493590'><pre>java.io.FileNotFoundException: /Users/dhruvchoudhary/framework/pageobjectmodel-seleniumFramework/src/test/java/com/companyname/projectname/report/TestHtmlReport.html (No such file or directory)
	at java.io.FileOutputStream.open0(Native Method)
	at java.io.FileOutputStream.open(FileOutputStream.java:270)
	at java.io.FileOutputStream.&lt;init&gt;(FileOutputStream.java:213)
	at java.io.FileWriter.&lt;init&gt;(FileWriter.java:107)
	at com.companyname.projectname.testbase.TestBase.updateResult(TestBase.java:189)
	at com.companyname.projectname.testscripts.Test1.testReport4(Test1.java:59)
	at sun.reflect.NativeMethodAccessorImpl.invoke0(Native Method)
	at sun.reflect.NativeMethodAccessorImpl.invoke(NativeMethodAccessorImpl.java:62)
	at sun.reflect.DelegatingMethodAccessorImpl.invoke(DelegatingMethodAccessorImpl.java:43)
	at java.lang.reflect.Method.invoke(Method.java:498)
	at org.testng.internal.MethodInvocationHelper.invokeMethod(MethodInvocationHelper.java:124)
	at org.testng.internal.Invoker.invokeMethod(Invoker.java:580)
	at org.testng.internal.Invoker.invokeTestMethod(Invoker.java:716)
	at org.testng.internal.Invoker.invokeTestMethods(Invoker.java:988)
	at org.testng.internal.TestMethodWorker.invokeTestMethods(TestMethodWorker.java:125)
	at org.testng.internal.TestMethodWorker.run(TestMethodWorker.java:109)
	at org.testng.TestRunner.privateRun(TestRunner.java:648)
	at org.testng.TestRunner.run(TestRunner.java:505)
	at org.testng.SuiteRunner.runTest(SuiteRunner.java:455)
	at org.testng.SuiteRunner.runSequentially(SuiteRunner.java:450)
	at org.testng.SuiteRunner.privateRun(SuiteRunner.java:415)
	at org.testng.SuiteRunner.run(SuiteRunner.java:364)
	at org.testng.SuiteRunnerWorker.runSuite(SuiteRunnerWorker.java:52)
	at org.testng.SuiteRunnerWorker.run(SuiteRunnerWorker.java:84)
	at org.testng.TestNG.runSuitesSequentially(TestNG.java:1208)
	at org.testng.TestNG.runSuitesLocally(TestNG.java:1137)
	at org.testng.TestNG.runSuites(TestNG.java:1049)
	at org.testng.TestNG.run(TestNG.java:1017)
	at org.testng.remote.AbstractRemoteTestNG.run(AbstractRemoteTestNG.java:114)
	at org.testng.remote.RemoteTestNG.initAndRun(RemoteTestNG.java:251)
	at org.testng.remote.RemoteTestNG.main(RemoteTestNG.java:77)
</pre></div></td>
<td>0</td>
<td>com.companyname.projectname.testscripts.Test1@4f638935</td></tr>
</table><p>
</body>
</html>